########### array before sorts ###########
0	-13.200000	5.200000	-13.200000	20.000000	n
1	-10.600000	22.600000	30.600000	22.600000	n
2	30.600000	22.600000	30.600000	2.600000	n
3	30.600000	2.600000	-10.600000	2.600000	n
4	-13.200000	20.000000	-10.600000	22.600000	n
5	-10.600000	2.600000	-13.200000	5.200000	n
Tolerance=0.050000.
*Exact match for i=0 and j=4.
*i point -13.200000	5.200000	-13.200000	20.000000	y
*Exact match for i=1 and j=4.
*i point -13.200000	20.000000	-10.600000	22.600000	y
*Exact match for i=2 and j=4.
*i point -10.600000	22.600000	30.600000	22.600000	y
*Exact match for i=3 and j=4.
*i point 30.600000	22.600000	30.600000	2.600000	y
*Exact match for i=4 and j=5.
*i point 30.600000	2.600000	-10.600000	2.600000	y
########### array after sorts ###########
0	-13.200000	5.200000	-13.200000	20.000000	y
1	-13.200000	20.000000	-10.600000	22.600000	y
2	-10.600000	22.600000	30.600000	22.600000	y
3	30.600000	22.600000	30.600000	2.600000	y
4	30.600000	2.600000	-10.600000	2.600000	y
5	-10.600000	2.600000	-13.200000	5.200000	y
***************
.BOARD_OUTLINE UNOWNED
1.6
0     -13.200000     5.200000     0
0     -13.200000     20.000000     0
0     -10.600000     22.600000     0
0     30.600000     22.600000     0
0     30.600000     2.600000     0
0     -10.600000     2.600000     0
0     -13.200000     5.200000     0
